<?xml version="1.0" encoding="UTF-8"?>
<!-- Generated by org.testng.reporters.JUnitReportReporter -->
<testsuite skipped="0" hostname="AIPL6454LT14041" name="pages.rest.VerifyAccounts" tests="1" failures="0" timestamp="2022-02-18T15:22:14 IST" time="1.053" errors="0">
  <testcase name="VerifyAccountsDetails" time="1.053" classname="pages.rest.VerifyAccounts"/>
  <system-out/>
</testsuite> <!-- pages.rest.VerifyAccounts -->
