<?xml version="1.0" encoding="UTF-8"?>
<!-- Generated by org.testng.reporters.JUnitReportReporter -->
<testsuite skipped="0" hostname="AIPL6454LT14041" name="pages.rest.VerifyRegisteredProfileDetails" tests="1" failures="0" timestamp="2022-02-18T15:52:18 IST" time="1.144" errors="0">
  <testcase name="verifyRegisteredProfileDetails" time="1.144" classname="pages.rest.VerifyRegisteredProfileDetails"/>
  <system-out/>
</testsuite> <!-- pages.rest.VerifyRegisteredProfileDetails -->
