<?xml version="1.0" encoding="UTF-8"?>
<!-- Generated by org.testng.reporters.JUnitReportReporter -->
<testsuite skipped="0" hostname="AIPL6454LT14041" name="pages.rest.Login" tests="1" failures="0" timestamp="2022-02-18T15:52:18 IST" time="2.617" errors="0">
  <testcase name="loginUiBank" time="2.617" classname="pages.rest.Login"/>
  <system-out/>
</testsuite> <!-- pages.rest.Login -->
